<?xml version="1.0" encoding="UTF-8" ?>
<testsuite tests="5" failures="0" name="cucumber.Options.TestRunner" time="5.319" errors="0" skipped="0">
  <properties>
[...]
</properties>
  <testcase classname="Validating CRUD operation for User" name="Verify a user is being added using CreateUserAPI" time="4.568"/>
  <testcase classname="Validating CRUD operation for User" name="Get the user details using GetUserAPI" time="0.252"/>
  <testcase classname="Validating CRUD operation for User" name="Verify a user is being updated using UpdateUserAPI" time="0.233"/>
  <testcase classname="Validating CRUD operation for User" name="Get the user details using GetUserAPI" time="0.206"/>
  <testcase classname="Validating CRUD operation for User" name="Delete the created user using DeleteUserAPI" time="0.06"/>
</testsuite>